mode: set
github.com/zetr0nix/gin-memory-sessions-go/example/main/main.go:8.13,13.48 4 0
github.com/zetr0nix/gin-memory-sessions-go/example/main/main.go:13.48,17.53 3 0
github.com/zetr0nix/gin-memory-sessions-go/example/main/main.go:17.53,19.4 1 0
github.com/zetr0nix/gin-memory-sessions-go/example/main/main.go:21.3,26.11 5 0
github.com/zetr0nix/gin-memory-sessions-go/example/main/main.go:29.2,29.39 1 0
github.com/zetr0nix/gin-memory-sessions-go/example/main/main.go:29.39,30.13 1 0
github.com/zetr0nix/gin-memory-sessions-go/session/session.go:44.43,45.33 1 1
github.com/zetr0nix/gin-memory-sessions-go/session/session.go:45.33,47.3 1 1
github.com/zetr0nix/gin-memory-sessions-go/session/session.go:49.58,50.33 1 1
github.com/zetr0nix/gin-memory-sessions-go/session/session.go:50.33,52.3 1 1
github.com/zetr0nix/gin-memory-sessions-go/session/session.go:55.62,56.33 1 1
github.com/zetr0nix/gin-memory-sessions-go/session/session.go:56.33,58.3 1 1
github.com/zetr0nix/gin-memory-sessions-go/session/session.go:61.47,62.33 1 1
github.com/zetr0nix/gin-memory-sessions-go/session/session.go:62.33,63.23 1 1
github.com/zetr0nix/gin-memory-sessions-go/session/session.go:63.23,64.52 1 0
github.com/zetr0nix/gin-memory-sessions-go/session/session.go:66.3,66.28 1 1
github.com/zetr0nix/gin-memory-sessions-go/session/session.go:70.45,71.33 1 1
github.com/zetr0nix/gin-memory-sessions-go/session/session.go:71.33,73.3 1 1
github.com/zetr0nix/gin-memory-sessions-go/session/session.go:76.55,77.33 1 1
github.com/zetr0nix/gin-memory-sessions-go/session/session.go:77.33,79.3 1 1
github.com/zetr0nix/gin-memory-sessions-go/session/session.go:82.33,86.16 3 1
github.com/zetr0nix/gin-memory-sessions-go/session/session.go:86.16,87.41 1 0
github.com/zetr0nix/gin-memory-sessions-go/session/session.go:90.2,90.49 1 1
github.com/zetr0nix/gin-memory-sessions-go/session/session.go:93.28,100.2 1 1
github.com/zetr0nix/gin-memory-sessions-go/session/session.go:102.70,104.30 2 0
github.com/zetr0nix/gin-memory-sessions-go/session/session.go:104.30,106.3 1 0
github.com/zetr0nix/gin-memory-sessions-go/session/session.go:107.2,107.63 1 0
github.com/zetr0nix/gin-memory-sessions-go/session/session.go:110.39,113.2 2 1
github.com/zetr0nix/gin-memory-sessions-go/session/session.go:115.46,118.2 2 1
github.com/zetr0nix/gin-memory-sessions-go/session/session.go:120.38,123.2 2 1
github.com/zetr0nix/gin-memory-sessions-go/session/session.go:125.56,135.27 2 1
github.com/zetr0nix/gin-memory-sessions-go/session/session.go:135.27,137.3 1 1
github.com/zetr0nix/gin-memory-sessions-go/session/session.go:139.2,141.10 2 1
github.com/zetr0nix/gin-memory-sessions-go/session/session.go:144.45,145.16 1 1
github.com/zetr0nix/gin-memory-sessions-go/session/session.go:145.16,147.17 2 1
github.com/zetr0nix/gin-memory-sessions-go/session/session.go:147.17,148.14 1 0
github.com/zetr0nix/gin-memory-sessions-go/session/session.go:153.58,155.57 1 0
github.com/zetr0nix/gin-memory-sessions-go/session/session.go:155.57,159.17 2 0
github.com/zetr0nix/gin-memory-sessions-go/session/session.go:159.17,160.14 1 0
github.com/zetr0nix/gin-memory-sessions-go/session/session.go:163.3,163.15 1 0
github.com/zetr0nix/gin-memory-sessions-go/session/session.go:166.2,166.13 1 0
github.com/zetr0nix/gin-memory-sessions-go/session/session.go:169.73,174.16 3 1
github.com/zetr0nix/gin-memory-sessions-go/session/session.go:174.16,176.17 2 0
github.com/zetr0nix/gin-memory-sessions-go/session/session.go:176.17,178.4 1 0
github.com/zetr0nix/gin-memory-sessions-go/session/session.go:181.2,181.44 1 1
github.com/zetr0nix/gin-memory-sessions-go/session/session.go:181.44,183.3 1 1
github.com/zetr0nix/gin-memory-sessions-go/session/session.go:185.2,187.19 2 1
github.com/zetr0nix/gin-memory-sessions-go/session/session.go:190.55,194.16 3 1
github.com/zetr0nix/gin-memory-sessions-go/session/session.go:194.16,196.3 1 0
github.com/zetr0nix/gin-memory-sessions-go/session/session.go:198.2,198.12 1 1
github.com/zetr0nix/gin-memory-sessions-go/session/session.go:201.51,202.30 1 1
github.com/zetr0nix/gin-memory-sessions-go/session/session.go:202.30,222.17 8 1
github.com/zetr0nix/gin-memory-sessions-go/session/session.go:222.17,225.19 3 0
github.com/zetr0nix/gin-memory-sessions-go/session/session.go:225.19,227.5 1 0
github.com/zetr0nix/gin-memory-sessions-go/session/session.go:237.54,242.2 1 1
github.com/zetr0nix/gin-memory-sessions-go/session/session.go:244.42,246.9 2 1
github.com/zetr0nix/gin-memory-sessions-go/session/session.go:246.9,247.48 1 0
github.com/zetr0nix/gin-memory-sessions-go/session/session.go:250.2,250.16 1 1
github.com/zetr0nix/gin-memory-sessions-go/session/session.go:253.66,259.2 4 1
github.com/zetr0nix/gin-memory-sessions-go/session/session.go:261.62,268.2 4 1
github.com/zetr0nix/gin-memory-sessions-go/session/session.go:270.57,277.2 4 0
github.com/zetr0nix/gin-memory-sessions-go/session/session.go:279.91,283.38 3 1
github.com/zetr0nix/gin-memory-sessions-go/session/session.go:283.38,285.55 1 1
github.com/zetr0nix/gin-memory-sessions-go/session/session.go:285.55,287.4 1 1
github.com/zetr0nix/gin-memory-sessions-go/session/session.go:290.2,290.12 1 1
github.com/zetr0nix/gin-memory-sessions-go/session/session.go:300.61,304.2 2 0
github.com/zetr0nix/gin-memory-sessions-go/session/session.go:306.54,310.2 2 0
github.com/zetr0nix/gin-memory-sessions-go/session/session.go:312.61,314.2 1 0
github.com/zetr0nix/gin-memory-sessions-go/session/session.go:316.54,317.12 1 1
github.com/zetr0nix/gin-memory-sessions-go/session/session.go:317.12,319.3 1 0
github.com/zetr0nix/gin-memory-sessions-go/session/session.go:321.2,322.9 2 1
github.com/zetr0nix/gin-memory-sessions-go/session/session.go:322.9,323.48 1 0
github.com/zetr0nix/gin-memory-sessions-go/session/session.go:326.2,335.15 9 1
